{"C:\\projetos\\bunny-crud\\client\\src\\index.js": {"path":"C:\\projetos\\bunny-crud\\client\\src\\index.js","statementMap":{"0":{"start":{"line":6,"column":13},"end":{"line":6,"column":44}},"1":{"start":{"line":8,"column":15},"end":{"line":10,"column":1}},"2":{"start":{"line":9,"column":2},"end":{"line":9,"column":46}},"3":{"start":{"line":12,"column":0},"end":{"line":12,"column":12}},"4":{"start":{"line":13,"column":0},"end":{"line":13,"column":27}},"5":{"start":{"line":15,"column":0},"end":{"line":20,"column":1}},"6":{"start":{"line":16,"column":2},"end":{"line":19,"column":5}},"7":{"start":{"line":17,"column":20},"end":{"line":17,"column":52}},"8":{"start":{"line":18,"column":4},"end":{"line":18,"column":20}}},"fnMap":{"0":{"name":"(anonymous_0)","decl":{"start":{"line":8,"column":15},"end":{"line":8,"column":16}},"loc":{"start":{"line":8,"column":28},"end":{"line":10,"column":1}},"line":8},"1":{"name":"(anonymous_1)","decl":{"start":{"line":16,"column":37},"end":{"line":16,"column":38}},"loc":{"start":{"line":16,"column":43},"end":{"line":19,"column":3}},"line":16}},"branchMap":{"0":{"loc":{"start":{"line":15,"column":0},"end":{"line":20,"column":1}},"type":"if","locations":[{"start":{"line":15,"column":0},"end":{"line":20,"column":1}},{"start":{"line":15,"column":0},"end":{"line":20,"column":1}}],"line":15}},"s":{"0":0,"1":0,"2":0,"3":0,"4":0,"5":0,"6":0,"7":0,"8":0},"f":{"0":0,"1":0},"b":{"0":[0,0]},"hash":"d2106f1f86d800356f915fd9a98e624eabd3ab13"}
,"C:\\projetos\\bunny-crud\\client\\src\\serviceWorker.js": {"path":"C:\\projetos\\bunny-crud\\client\\src\\serviceWorker.js","statementMap":{"0":{"start":{"line":13,"column":20},"end":{"line":21,"column":1}},"1":{"start":{"line":24,"column":2},"end":{"line":54,"column":3}},"2":{"start":{"line":26,"column":22},"end":{"line":26,"column":75}},"3":{"start":{"line":27,"column":4},"end":{"line":32,"column":5}},"4":{"start":{"line":31,"column":6},"end":{"line":31,"column":13}},"5":{"start":{"line":34,"column":4},"end":{"line":53,"column":7}},"6":{"start":{"line":35,"column":20},"end":{"line":35,"column":65}},"7":{"start":{"line":37,"column":6},"end":{"line":52,"column":7}},"8":{"start":{"line":39,"column":8},"end":{"line":39,"column":47}},"9":{"start":{"line":43,"column":8},"end":{"line":48,"column":11}},"10":{"start":{"line":44,"column":10},"end":{"line":47,"column":12}},"11":{"start":{"line":51,"column":8},"end":{"line":51,"column":39}},"12":{"start":{"line":58,"column":2},"end":{"line":98,"column":7}},"13":{"start":{"line":61,"column":6},"end":{"line":94,"column":8}},"14":{"start":{"line":62,"column":33},"end":{"line":62,"column":56}},"15":{"start":{"line":63,"column":8},"end":{"line":65,"column":9}},"16":{"start":{"line":64,"column":10},"end":{"line":64,"column":17}},"17":{"start":{"line":66,"column":8},"end":{"line":93,"column":10}},"18":{"start":{"line":67,"column":10},"end":{"line":92,"column":11}},"19":{"start":{"line":68,"column":12},"end":{"line":91,"column":13}},"20":{"start":{"line":72,"column":14},"end":{"line":75,"column":16}},"21":{"start":{"line":78,"column":14},"end":{"line":80,"column":15}},"22":{"start":{"line":79,"column":16},"end":{"line":79,"column":46}},"23":{"start":{"line":85,"column":14},"end":{"line":85,"column":64}},"24":{"start":{"line":88,"column":14},"end":{"line":90,"column":15}},"25":{"start":{"line":89,"column":16},"end":{"line":89,"column":47}},"26":{"start":{"line":97,"column":6},"end":{"line":97,"column":72}},"27":{"start":{"line":103,"column":2},"end":{"line":126,"column":7}},"28":{"start":{"line":106,"column":26},"end":{"line":106,"column":62}},"29":{"start":{"line":107,"column":6},"end":{"line":120,"column":7}},"30":{"start":{"line":112,"column":8},"end":{"line":116,"column":11}},"31":{"start":{"line":113,"column":10},"end":{"line":115,"column":13}},"32":{"start":{"line":114,"column":12},"end":{"line":114,"column":37}},"33":{"start":{"line":119,"column":8},"end":{"line":119,"column":39}},"34":{"start":{"line":123,"column":6},"end":{"line":125,"column":8}},"35":{"start":{"line":130,"column":2},"end":{"line":134,"column":3}},"36":{"start":{"line":131,"column":4},"end":{"line":133,"column":7}},"37":{"start":{"line":132,"column":6},"end":{"line":132,"column":32}}},"fnMap":{"0":{"name":"register","decl":{"start":{"line":23,"column":16},"end":{"line":23,"column":24}},"loc":{"start":{"line":23,"column":33},"end":{"line":55,"column":1}},"line":23},"1":{"name":"(anonymous_1)","decl":{"start":{"line":34,"column":36},"end":{"line":34,"column":37}},"loc":{"start":{"line":34,"column":42},"end":{"line":53,"column":5}},"line":34},"2":{"name":"(anonymous_2)","decl":{"start":{"line":43,"column":43},"end":{"line":43,"column":44}},"loc":{"start":{"line":43,"column":49},"end":{"line":48,"column":9}},"line":43},"3":{"name":"registerValidSW","decl":{"start":{"line":57,"column":9},"end":{"line":57,"column":24}},"loc":{"start":{"line":57,"column":40},"end":{"line":99,"column":1}},"line":57},"4":{"name":"(anonymous_4)","decl":{"start":{"line":60,"column":10},"end":{"line":60,"column":11}},"loc":{"start":{"line":60,"column":26},"end":{"line":95,"column":5}},"line":60},"5":{"name":"(anonymous_5)","decl":{"start":{"line":61,"column":35},"end":{"line":61,"column":36}},"loc":{"start":{"line":61,"column":41},"end":{"line":94,"column":7}},"line":61},"6":{"name":"(anonymous_6)","decl":{"start":{"line":66,"column":41},"end":{"line":66,"column":42}},"loc":{"start":{"line":66,"column":47},"end":{"line":93,"column":9}},"line":66},"7":{"name":"(anonymous_7)","decl":{"start":{"line":96,"column":11},"end":{"line":96,"column":12}},"loc":{"start":{"line":96,"column":20},"end":{"line":98,"column":5}},"line":96},"8":{"name":"checkValidServiceWorker","decl":{"start":{"line":101,"column":9},"end":{"line":101,"column":32}},"loc":{"start":{"line":101,"column":48},"end":{"line":127,"column":1}},"line":101},"9":{"name":"(anonymous_9)","decl":{"start":{"line":104,"column":10},"end":{"line":104,"column":11}},"loc":{"start":{"line":104,"column":22},"end":{"line":121,"column":5}},"line":104},"10":{"name":"(anonymous_10)","decl":{"start":{"line":112,"column":43},"end":{"line":112,"column":44}},"loc":{"start":{"line":112,"column":59},"end":{"line":116,"column":9}},"line":112},"11":{"name":"(anonymous_11)","decl":{"start":{"line":113,"column":41},"end":{"line":113,"column":42}},"loc":{"start":{"line":113,"column":47},"end":{"line":115,"column":11}},"line":113},"12":{"name":"(anonymous_12)","decl":{"start":{"line":122,"column":11},"end":{"line":122,"column":12}},"loc":{"start":{"line":122,"column":17},"end":{"line":126,"column":5}},"line":122},"13":{"name":"unregister","decl":{"start":{"line":129,"column":16},"end":{"line":129,"column":26}},"loc":{"start":{"line":129,"column":29},"end":{"line":135,"column":1}},"line":129},"14":{"name":"(anonymous_14)","decl":{"start":{"line":131,"column":39},"end":{"line":131,"column":40}},"loc":{"start":{"line":131,"column":55},"end":{"line":133,"column":5}},"line":131}},"branchMap":{"0":{"loc":{"start":{"line":14,"column":2},"end":{"line":20,"column":5}},"type":"binary-expr","locations":[{"start":{"line":14,"column":2},"end":{"line":14,"column":42}},{"start":{"line":16,"column":4},"end":{"line":16,"column":40}},{"start":{"line":18,"column":4},"end":{"line":20,"column":5}}],"line":14},"1":{"loc":{"start":{"line":24,"column":2},"end":{"line":54,"column":3}},"type":"if","locations":[{"start":{"line":24,"column":2},"end":{"line":54,"column":3}},{"start":{"line":24,"column":2},"end":{"line":54,"column":3}}],"line":24},"2":{"loc":{"start":{"line":24,"column":6},"end":{"line":24,"column":75}},"type":"binary-expr","locations":[{"start":{"line":24,"column":6},"end":{"line":24,"column":43}},{"start":{"line":24,"column":47},"end":{"line":24,"column":75}}],"line":24},"3":{"loc":{"start":{"line":27,"column":4},"end":{"line":32,"column":5}},"type":"if","locations":[{"start":{"line":27,"column":4},"end":{"line":32,"column":5}},{"start":{"line":27,"column":4},"end":{"line":32,"column":5}}],"line":27},"4":{"loc":{"start":{"line":37,"column":6},"end":{"line":52,"column":7}},"type":"if","locations":[{"start":{"line":37,"column":6},"end":{"line":52,"column":7}},{"start":{"line":37,"column":6},"end":{"line":52,"column":7}}],"line":37},"5":{"loc":{"start":{"line":63,"column":8},"end":{"line":65,"column":9}},"type":"if","locations":[{"start":{"line":63,"column":8},"end":{"line":65,"column":9}},{"start":{"line":63,"column":8},"end":{"line":65,"column":9}}],"line":63},"6":{"loc":{"start":{"line":67,"column":10},"end":{"line":92,"column":11}},"type":"if","locations":[{"start":{"line":67,"column":10},"end":{"line":92,"column":11}},{"start":{"line":67,"column":10},"end":{"line":92,"column":11}}],"line":67},"7":{"loc":{"start":{"line":68,"column":12},"end":{"line":91,"column":13}},"type":"if","locations":[{"start":{"line":68,"column":12},"end":{"line":91,"column":13}},{"start":{"line":68,"column":12},"end":{"line":91,"column":13}}],"line":68},"8":{"loc":{"start":{"line":78,"column":14},"end":{"line":80,"column":15}},"type":"if","locations":[{"start":{"line":78,"column":14},"end":{"line":80,"column":15}},{"start":{"line":78,"column":14},"end":{"line":80,"column":15}}],"line":78},"9":{"loc":{"start":{"line":78,"column":18},"end":{"line":78,"column":43}},"type":"binary-expr","locations":[{"start":{"line":78,"column":18},"end":{"line":78,"column":24}},{"start":{"line":78,"column":28},"end":{"line":78,"column":43}}],"line":78},"10":{"loc":{"start":{"line":88,"column":14},"end":{"line":90,"column":15}},"type":"if","locations":[{"start":{"line":88,"column":14},"end":{"line":90,"column":15}},{"start":{"line":88,"column":14},"end":{"line":90,"column":15}}],"line":88},"11":{"loc":{"start":{"line":88,"column":18},"end":{"line":88,"column":44}},"type":"binary-expr","locations":[{"start":{"line":88,"column":18},"end":{"line":88,"column":24}},{"start":{"line":88,"column":28},"end":{"line":88,"column":44}}],"line":88},"12":{"loc":{"start":{"line":107,"column":6},"end":{"line":120,"column":7}},"type":"if","locations":[{"start":{"line":107,"column":6},"end":{"line":120,"column":7}},{"start":{"line":107,"column":6},"end":{"line":120,"column":7}}],"line":107},"13":{"loc":{"start":{"line":108,"column":8},"end":{"line":109,"column":73}},"type":"binary-expr","locations":[{"start":{"line":108,"column":8},"end":{"line":108,"column":31}},{"start":{"line":109,"column":9},"end":{"line":109,"column":28}},{"start":{"line":109,"column":32},"end":{"line":109,"column":72}}],"line":108},"14":{"loc":{"start":{"line":130,"column":2},"end":{"line":134,"column":3}},"type":"if","locations":[{"start":{"line":130,"column":2},"end":{"line":134,"column":3}},{"start":{"line":130,"column":2},"end":{"line":134,"column":3}}],"line":130}},"s":{"0":0,"1":0,"2":0,"3":0,"4":0,"5":0,"6":0,"7":0,"8":0,"9":0,"10":0,"11":0,"12":0,"13":0,"14":0,"15":0,"16":0,"17":0,"18":0,"19":0,"20":0,"21":0,"22":0,"23":0,"24":0,"25":0,"26":0,"27":0,"28":0,"29":0,"30":0,"31":0,"32":0,"33":0,"34":0,"35":0,"36":0,"37":0},"f":{"0":0,"1":0,"2":0,"3":0,"4":0,"5":0,"6":0,"7":0,"8":0,"9":0,"10":0,"11":0,"12":0,"13":0,"14":0},"b":{"0":[0,0,0],"1":[0,0],"2":[0,0],"3":[0,0],"4":[0,0],"5":[0,0],"6":[0,0],"7":[0,0],"8":[0,0],"9":[0,0],"10":[0,0],"11":[0,0],"12":[0,0],"13":[0,0,0],"14":[0,0]},"hash":"638b8b20539189778343c20a971c686b3b3fb8d9"}
,"C:\\projetos\\bunny-crud\\client\\src\\application\\index.js": {"path":"C:\\projetos\\bunny-crud\\client\\src\\application\\index.js","statementMap":{"0":{"start":{"line":9,"column":36},"end":{"line":9,"column":42}},"1":{"start":{"line":11,"column":20},"end":{"line":54,"column":1}},"2":{"start":{"line":12,"column":2},"end":{"line":53,"column":11}},"3":{"start":{"line":45,"column":14},"end":{"line":45,"column":58}}},"fnMap":{"0":{"name":"(anonymous_0)","decl":{"start":{"line":11,"column":20},"end":{"line":11,"column":21}},"loc":{"start":{"line":12,"column":2},"end":{"line":53,"column":11}},"line":12},"1":{"name":"(anonymous_1)","decl":{"start":{"line":44,"column":23},"end":{"line":44,"column":24}},"loc":{"start":{"line":45,"column":14},"end":{"line":45,"column":58}},"line":45}},"branchMap":{},"s":{"0":1,"1":1,"2":3,"3":6},"f":{"0":3,"1":6},"b":{},"_coverageSchema":"43e27e138ebf9cfc5966b082cf9a028302ed4184","hash":"580c6a3482f971ec43e14700b3814b2bdd7437bf"}
,"C:\\projetos\\bunny-crud\\client\\src\\application\\menus.js": {"path":"C:\\projetos\\bunny-crud\\client\\src\\application\\menus.js","statementMap":{},"fnMap":{},"branchMap":{},"s":{},"f":{},"b":{},"_coverageSchema":"43e27e138ebf9cfc5966b082cf9a028302ed4184","hash":"80a26ed865c54322253ee02fc708b2401c642150"}
,"C:\\projetos\\bunny-crud\\client\\src\\application\\pages\\index.js": {"path":"C:\\projetos\\bunny-crud\\client\\src\\application\\pages\\index.js","statementMap":{"0":{"start":{"line":4,"column":20},"end":{"line":4,"column":45}},"1":{"start":{"line":6,"column":21},"end":{"line":6,"column":37}},"2":{"start":{"line":7,"column":27},"end":{"line":7,"column":65}},"3":{"start":{"line":7,"column":54},"end":{"line":7,"column":64}},"4":{"start":{"line":8,"column":28},"end":{"line":8,"column":67}},"5":{"start":{"line":8,"column":55},"end":{"line":8,"column":66}}},"fnMap":{"0":{"name":"(anonymous_0)","decl":{"start":{"line":7,"column":46},"end":{"line":7,"column":47}},"loc":{"start":{"line":7,"column":54},"end":{"line":7,"column":64}},"line":7},"1":{"name":"(anonymous_1)","decl":{"start":{"line":8,"column":47},"end":{"line":8,"column":48}},"loc":{"start":{"line":8,"column":55},"end":{"line":8,"column":66}},"line":8}},"branchMap":{},"s":{"0":1,"1":1,"2":1,"3":2,"4":1,"5":2},"f":{"0":2,"1":2},"b":{},"_coverageSchema":"43e27e138ebf9cfc5966b082cf9a028302ed4184","hash":"f59b5784d9901445b4d9891d5b8b8561346259a0"}
,"C:\\projetos\\bunny-crud\\client\\src\\application\\pages\\tasks\\TasksPage.js": {"path":"C:\\projetos\\bunny-crud\\client\\src\\application\\pages\\tasks\\TasksPage.js","statementMap":{"0":{"start":{"line":7,"column":18},"end":{"line":16,"column":1}},"1":{"start":{"line":8,"column":19},"end":{"line":8,"column":31}},"2":{"start":{"line":10,"column":2},"end":{"line":15,"column":4}}},"fnMap":{"0":{"name":"(anonymous_0)","decl":{"start":{"line":7,"column":18},"end":{"line":7,"column":19}},"loc":{"start":{"line":7,"column":33},"end":{"line":16,"column":1}},"line":7}},"branchMap":{},"s":{"0":2,"1":7,"2":7},"f":{"0":7},"b":{},"_coverageSchema":"43e27e138ebf9cfc5966b082cf9a028302ed4184","hash":"9526ab8ee7576ae935ade6e46a36ec5adc6a696a"}
,"C:\\projetos\\bunny-crud\\client\\src\\application\\pages\\tasks\\create-task.js": {"path":"C:\\projetos\\bunny-crud\\client\\src\\application\\pages\\tasks\\create-task.js","statementMap":{"0":{"start":{"line":5,"column":19},"end":{"line":66,"column":1}},"1":{"start":{"line":12,"column":6},"end":{"line":12,"column":30}},"2":{"start":{"line":13,"column":28},"end":{"line":13,"column":40}},"3":{"start":{"line":15,"column":2},"end":{"line":20,"column":32}},"4":{"start":{"line":16,"column":4},"end":{"line":19,"column":7}},"5":{"start":{"line":22,"column":21},"end":{"line":26,"column":3}},"6":{"start":{"line":23,"column":4},"end":{"line":23,"column":20}},"7":{"start":{"line":24,"column":4},"end":{"line":24,"column":17}},"8":{"start":{"line":25,"column":4},"end":{"line":25,"column":16}},"9":{"start":{"line":28,"column":23},"end":{"line":31,"column":3}},"10":{"start":{"line":29,"column":4},"end":{"line":29,"column":17}},"11":{"start":{"line":30,"column":4},"end":{"line":30,"column":16}},"12":{"start":{"line":33,"column":24},"end":{"line":38,"column":3}},"13":{"start":{"line":34,"column":4},"end":{"line":37,"column":7}},"14":{"start":{"line":40,"column":2},"end":{"line":65,"column":4}},"15":{"start":{"line":61,"column":25},"end":{"line":61,"column":69}}},"fnMap":{"0":{"name":"(anonymous_0)","decl":{"start":{"line":5,"column":19},"end":{"line":5,"column":20}},"loc":{"start":{"line":5,"column":25},"end":{"line":66,"column":1}},"line":5},"1":{"name":"(anonymous_1)","decl":{"start":{"line":15,"column":12},"end":{"line":15,"column":13}},"loc":{"start":{"line":15,"column":18},"end":{"line":20,"column":3}},"line":15},"2":{"name":"(anonymous_2)","decl":{"start":{"line":22,"column":21},"end":{"line":22,"column":22}},"loc":{"start":{"line":22,"column":27},"end":{"line":26,"column":3}},"line":22},"3":{"name":"(anonymous_3)","decl":{"start":{"line":28,"column":23},"end":{"line":28,"column":24}},"loc":{"start":{"line":28,"column":29},"end":{"line":31,"column":3}},"line":28},"4":{"name":"(anonymous_4)","decl":{"start":{"line":33,"column":24},"end":{"line":33,"column":25}},"loc":{"start":{"line":33,"column":41},"end":{"line":38,"column":3}},"line":33},"5":{"name":"(anonymous_5)","decl":{"start":{"line":61,"column":20},"end":{"line":61,"column":21}},"loc":{"start":{"line":61,"column":25},"end":{"line":61,"column":69}},"line":61}},"branchMap":{},"s":{"0":2,"1":36,"2":36,"3":36,"4":11,"5":36,"6":1,"7":1,"8":1,"9":36,"10":1,"11":1,"12":36,"13":1,"14":36,"15":1},"f":{"0":36,"1":11,"2":1,"3":1,"4":1,"5":1},"b":{},"_coverageSchema":"43e27e138ebf9cfc5966b082cf9a028302ed4184","hash":"043c716aa42dd2147d71aa1c263b1ac9f8b71703"}
,"C:\\projetos\\bunny-crud\\client\\src\\application\\pages\\tasks\\task-list.js": {"path":"C:\\projetos\\bunny-crud\\client\\src\\application\\pages\\tasks\\task-list.js","statementMap":{"0":{"start":{"line":5,"column":17},"end":{"line":64,"column":1}},"1":{"start":{"line":6,"column":53},"end":{"line":6,"column":77}},"2":{"start":{"line":8,"column":2},"end":{"line":63,"column":4}},"3":{"start":{"line":13,"column":8},"end":{"line":60,"column":20}}},"fnMap":{"0":{"name":"(anonymous_0)","decl":{"start":{"line":5,"column":17},"end":{"line":5,"column":18}},"loc":{"start":{"line":5,"column":23},"end":{"line":64,"column":1}},"line":5},"1":{"name":"(anonymous_1)","decl":{"start":{"line":12,"column":18},"end":{"line":12,"column":19}},"loc":{"start":{"line":13,"column":8},"end":{"line":60,"column":20}},"line":13}},"branchMap":{"0":{"loc":{"start":{"line":53,"column":34},"end":{"line":53,"column":66}},"type":"cond-expr","locations":[{"start":{"line":53,"column":47},"end":{"line":53,"column":61}},{"start":{"line":53,"column":64},"end":{"line":53,"column":66}}],"line":53}},"s":{"0":2,"1":25,"2":25,"3":18},"f":{"0":25,"1":18},"b":{"0":[9,9]},"_coverageSchema":"43e27e138ebf9cfc5966b082cf9a028302ed4184","hash":"f0c92dcddd905e94a2a5009280ca4c83a8efbafc"}
,"C:\\projetos\\bunny-crud\\client\\src\\application\\pages\\tasks\\tasks.config.js": {"path":"C:\\projetos\\bunny-crud\\client\\src\\application\\pages\\tasks\\tasks.config.js","statementMap":{},"fnMap":{},"branchMap":{},"s":{},"f":{},"b":{},"_coverageSchema":"43e27e138ebf9cfc5966b082cf9a028302ed4184","hash":"67daf74335aece3da21a49111ff12e6646f51995"}
,"C:\\projetos\\bunny-crud\\client\\src\\application\\pages\\tasks\\user-detail.js": {"path":"C:\\projetos\\bunny-crud\\client\\src\\application\\pages\\tasks\\user-detail.js","statementMap":{"0":{"start":{"line":8,"column":19},"end":{"line":21,"column":1}},"1":{"start":{"line":9,"column":23},"end":{"line":9,"column":47}},"2":{"start":{"line":11,"column":2},"end":{"line":20,"column":4}}},"fnMap":{"0":{"name":"(anonymous_0)","decl":{"start":{"line":8,"column":19},"end":{"line":8,"column":20}},"loc":{"start":{"line":8,"column":36},"end":{"line":21,"column":1}},"line":8}},"branchMap":{},"s":{"0":2,"1":25,"2":25},"f":{"0":25},"b":{},"_coverageSchema":"43e27e138ebf9cfc5966b082cf9a028302ed4184","hash":"6b6cb171029031dfdf679228faf1bb23344fef2e"}
,"C:\\projetos\\bunny-crud\\client\\src\\application\\pages\\users\\Users.js": {"path":"C:\\projetos\\bunny-crud\\client\\src\\application\\pages\\users\\Users.js","statementMap":{"0":{"start":{"line":8,"column":18},"end":{"line":19,"column":1}},"1":{"start":{"line":9,"column":2},"end":{"line":18,"column":24}}},"fnMap":{"0":{"name":"(anonymous_0)","decl":{"start":{"line":8,"column":18},"end":{"line":8,"column":19}},"loc":{"start":{"line":9,"column":2},"end":{"line":18,"column":24}},"line":9}},"branchMap":{},"s":{"0":2,"1":8},"f":{"0":8},"b":{},"_coverageSchema":"43e27e138ebf9cfc5966b082cf9a028302ed4184","hash":"f03fd92f07adbef0819023c02f5923448d7ab951"}
,"C:\\projetos\\bunny-crud\\client\\src\\application\\pages\\users\\create-user.js": {"path":"C:\\projetos\\bunny-crud\\client\\src\\application\\pages\\users\\create-user.js","statementMap":{"0":{"start":{"line":5,"column":19},"end":{"line":65,"column":1}},"1":{"start":{"line":12,"column":6},"end":{"line":12,"column":29}},"2":{"start":{"line":13,"column":28},"end":{"line":13,"column":40}},"3":{"start":{"line":15,"column":2},"end":{"line":20,"column":32}},"4":{"start":{"line":16,"column":4},"end":{"line":19,"column":7}},"5":{"start":{"line":22,"column":21},"end":{"line":25,"column":3}},"6":{"start":{"line":23,"column":4},"end":{"line":23,"column":20}},"7":{"start":{"line":24,"column":4},"end":{"line":24,"column":17}},"8":{"start":{"line":27,"column":23},"end":{"line":30,"column":3}},"9":{"start":{"line":28,"column":4},"end":{"line":28,"column":17}},"10":{"start":{"line":29,"column":4},"end":{"line":29,"column":16}},"11":{"start":{"line":32,"column":22},"end":{"line":37,"column":3}},"12":{"start":{"line":33,"column":4},"end":{"line":36,"column":7}},"13":{"start":{"line":39,"column":2},"end":{"line":64,"column":4}},"14":{"start":{"line":60,"column":25},"end":{"line":60,"column":60}}},"fnMap":{"0":{"name":"(anonymous_0)","decl":{"start":{"line":5,"column":19},"end":{"line":5,"column":20}},"loc":{"start":{"line":5,"column":25},"end":{"line":65,"column":1}},"line":5},"1":{"name":"(anonymous_1)","decl":{"start":{"line":15,"column":12},"end":{"line":15,"column":13}},"loc":{"start":{"line":15,"column":18},"end":{"line":20,"column":3}},"line":15},"2":{"name":"(anonymous_2)","decl":{"start":{"line":22,"column":21},"end":{"line":22,"column":22}},"loc":{"start":{"line":22,"column":27},"end":{"line":25,"column":3}},"line":22},"3":{"name":"(anonymous_3)","decl":{"start":{"line":27,"column":23},"end":{"line":27,"column":24}},"loc":{"start":{"line":27,"column":29},"end":{"line":30,"column":3}},"line":27},"4":{"name":"(anonymous_4)","decl":{"start":{"line":32,"column":22},"end":{"line":32,"column":23}},"loc":{"start":{"line":32,"column":39},"end":{"line":37,"column":3}},"line":32},"5":{"name":"(anonymous_5)","decl":{"start":{"line":60,"column":20},"end":{"line":60,"column":21}},"loc":{"start":{"line":60,"column":25},"end":{"line":60,"column":60}},"line":60}},"branchMap":{},"s":{"0":2,"1":31,"2":31,"3":31,"4":13,"5":31,"6":1,"7":1,"8":31,"9":1,"10":1,"11":31,"12":1,"13":31,"14":1},"f":{"0":31,"1":13,"2":1,"3":1,"4":1,"5":1},"b":{},"_coverageSchema":"43e27e138ebf9cfc5966b082cf9a028302ed4184","hash":"cc5338aa1b60cc4254ee1f8aaabf3eaa1ddf0fb4"}
,"C:\\projetos\\bunny-crud\\client\\src\\application\\pages\\users\\user-list.js": {"path":"C:\\projetos\\bunny-crud\\client\\src\\application\\pages\\users\\user-list.js","statementMap":{"0":{"start":{"line":6,"column":17},"end":{"line":51,"column":1}},"1":{"start":{"line":7,"column":41},"end":{"line":7,"column":64}},"2":{"start":{"line":9,"column":2},"end":{"line":50,"column":4}},"3":{"start":{"line":14,"column":8},"end":{"line":47,"column":20}}},"fnMap":{"0":{"name":"(anonymous_0)","decl":{"start":{"line":6,"column":17},"end":{"line":6,"column":18}},"loc":{"start":{"line":6,"column":23},"end":{"line":51,"column":1}},"line":6},"1":{"name":"(anonymous_1)","decl":{"start":{"line":13,"column":18},"end":{"line":13,"column":19}},"loc":{"start":{"line":14,"column":8},"end":{"line":47,"column":20}},"line":14}},"branchMap":{},"s":{"0":2,"1":18,"2":18,"3":18},"f":{"0":18,"1":18},"b":{},"_coverageSchema":"43e27e138ebf9cfc5966b082cf9a028302ed4184","hash":"d08b869cdae74447c4fd49c0d4df4b21c9d6d1a6"}
,"C:\\projetos\\bunny-crud\\client\\src\\application\\pages\\users\\users.config.js": {"path":"C:\\projetos\\bunny-crud\\client\\src\\application\\pages\\users\\users.config.js","statementMap":{},"fnMap":{},"branchMap":{},"s":{},"f":{},"b":{},"_coverageSchema":"43e27e138ebf9cfc5966b082cf9a028302ed4184","hash":"b9e08daecfda047144910d210c3d0a40601790e3"}
,"C:\\projetos\\bunny-crud\\client\\src\\components\\index.js": {"path":"C:\\projetos\\bunny-crud\\client\\src\\components\\index.js","statementMap":{},"fnMap":{},"branchMap":{},"s":{},"f":{},"b":{},"_coverageSchema":"43e27e138ebf9cfc5966b082cf9a028302ed4184","hash":"2581bfff5c086c3e5291c9e468ea1934fe7710e6"}
,"C:\\projetos\\bunny-crud\\client\\src\\components\\menu\\index.js": {"path":"C:\\projetos\\bunny-crud\\client\\src\\components\\menu\\index.js","statementMap":{"0":{"start":{"line":6,"column":29},"end":{"line":9,"column":1}},"1":{"start":{"line":7,"column":17},"end":{"line":7,"column":55}},"2":{"start":{"line":7,"column":38},"end":{"line":7,"column":54}},"3":{"start":{"line":8,"column":2},"end":{"line":8,"column":44}},"4":{"start":{"line":11,"column":13},"end":{"line":33,"column":1}},"5":{"start":{"line":12,"column":21},"end":{"line":15,"column":3}},"6":{"start":{"line":13,"column":18},"end":{"line":13,"column":48}},"7":{"start":{"line":14,"column":4},"end":{"line":14,"column":54}},"8":{"start":{"line":16,"column":2},"end":{"line":32,"column":4}},"9":{"start":{"line":25,"column":8},"end":{"line":29,"column":23}},"10":{"start":{"line":35,"column":0},"end":{"line":44,"column":2}},"11":{"start":{"line":46,"column":0},"end":{"line":49,"column":2}}},"fnMap":{"0":{"name":"(anonymous_0)","decl":{"start":{"line":6,"column":29},"end":{"line":6,"column":30}},"loc":{"start":{"line":6,"column":45},"end":{"line":9,"column":1}},"line":6},"1":{"name":"(anonymous_1)","decl":{"start":{"line":7,"column":30},"end":{"line":7,"column":31}},"loc":{"start":{"line":7,"column":38},"end":{"line":7,"column":54}},"line":7},"2":{"name":"(anonymous_2)","decl":{"start":{"line":11,"column":13},"end":{"line":11,"column":14}},"loc":{"start":{"line":11,"column":54},"end":{"line":33,"column":1}},"line":11},"3":{"name":"(anonymous_3)","decl":{"start":{"line":12,"column":21},"end":{"line":12,"column":22}},"loc":{"start":{"line":12,"column":29},"end":{"line":15,"column":3}},"line":12},"4":{"name":"(anonymous_4)","decl":{"start":{"line":24,"column":17},"end":{"line":24,"column":18}},"loc":{"start":{"line":25,"column":8},"end":{"line":29,"column":23}},"line":25},"5":{"name":"(anonymous_5)","decl":{"start":{"line":48,"column":15},"end":{"line":48,"column":16}},"loc":{"start":{"line":48,"column":21},"end":{"line":48,"column":23}},"line":48}},"branchMap":{"0":{"loc":{"start":{"line":8,"column":9},"end":{"line":8,"column":43}},"type":"cond-expr","locations":[{"start":{"line":8,"column":29},"end":{"line":8,"column":38}},{"start":{"line":8,"column":41},"end":{"line":8,"column":43}}],"line":8},"1":{"loc":{"start":{"line":14,"column":4},"end":{"line":14,"column":53}},"type":"binary-expr","locations":[{"start":{"line":14,"column":4},"end":{"line":14,"column":15}},{"start":{"line":14,"column":19},"end":{"line":14,"column":53}}],"line":14}},"s":{"0":2,"1":1,"2":2,"3":1,"4":2,"5":6,"6":1,"7":1,"8":6,"9":9,"10":2,"11":2},"f":{"0":1,"1":2,"2":6,"3":1,"4":9,"5":0},"b":{"0":[1,0],"1":[1,1]},"_coverageSchema":"43e27e138ebf9cfc5966b082cf9a028302ed4184","hash":"846cb166bb309846c19a181cdcbb9d711439c37e"}
,"C:\\projetos\\bunny-crud\\client\\src\\contexts\\tasks\\index.js": {"path":"C:\\projetos\\bunny-crud\\client\\src\\contexts\\tasks\\index.js","statementMap":{"0":{"start":{"line":12,"column":21},"end":{"line":12,"column":42}},"1":{"start":{"line":15,"column":4},"end":{"line":15,"column":17}},"2":{"start":{"line":17,"column":4},"end":{"line":17,"column":27}},"3":{"start":{"line":18,"column":4},"end":{"line":24,"column":6}},"4":{"start":{"line":28,"column":14},"end":{"line":32,"column":3}},"5":{"start":{"line":29,"column":4},"end":{"line":31,"column":7}},"6":{"start":{"line":34,"column":14},"end":{"line":36,"column":3}},"7":{"start":{"line":35,"column":4},"end":{"line":35,"column":43}},"8":{"start":{"line":38,"column":13},"end":{"line":40,"column":3}},"9":{"start":{"line":39,"column":4},"end":{"line":39,"column":49}},"10":{"start":{"line":45,"column":4},"end":{"line":45,"column":31}},"11":{"start":{"line":46,"column":4},"end":{"line":46,"column":20}},"12":{"start":{"line":49,"column":24},"end":{"line":52,"column":3}},"13":{"start":{"line":50,"column":21},"end":{"line":50,"column":49}},"14":{"start":{"line":51,"column":4},"end":{"line":51,"column":32}},"15":{"start":{"line":54,"column":13},"end":{"line":57,"column":3}},"16":{"start":{"line":55,"column":18},"end":{"line":55,"column":46}},"17":{"start":{"line":56,"column":4},"end":{"line":56,"column":29}},"18":{"start":{"line":59,"column":15},"end":{"line":66,"column":3}},"19":{"start":{"line":60,"column":4},"end":{"line":65,"column":5}},"20":{"start":{"line":61,"column":6},"end":{"line":61,"column":40}},"21":{"start":{"line":62,"column":6},"end":{"line":62,"column":22}},"22":{"start":{"line":64,"column":6},"end":{"line":64,"column":48}},"23":{"start":{"line":68,"column":15},"end":{"line":75,"column":3}},"24":{"start":{"line":69,"column":4},"end":{"line":74,"column":5}},"25":{"start":{"line":70,"column":6},"end":{"line":70,"column":29}},"26":{"start":{"line":71,"column":6},"end":{"line":71,"column":22}},"27":{"start":{"line":73,"column":6},"end":{"line":73,"column":44}},"28":{"start":{"line":77,"column":13},"end":{"line":80,"column":3}},"29":{"start":{"line":78,"column":4},"end":{"line":78,"column":62}},"30":{"start":{"line":79,"column":4},"end":{"line":79,"column":21}},"31":{"start":{"line":82,"column":14},"end":{"line":89,"column":3}},"32":{"start":{"line":83,"column":4},"end":{"line":88,"column":5}},"33":{"start":{"line":84,"column":6},"end":{"line":84,"column":30}},"34":{"start":{"line":85,"column":6},"end":{"line":85,"column":22}},"35":{"start":{"line":87,"column":6},"end":{"line":87,"column":44}},"36":{"start":{"line":91,"column":15},"end":{"line":98,"column":3}},"37":{"start":{"line":92,"column":4},"end":{"line":97,"column":5}},"38":{"start":{"line":93,"column":6},"end":{"line":93,"column":27}},"39":{"start":{"line":94,"column":6},"end":{"line":94,"column":22}},"40":{"start":{"line":96,"column":6},"end":{"line":96,"column":44}},"41":{"start":{"line":101,"column":25},"end":{"line":101,"column":35}},"42":{"start":{"line":102,"column":4},"end":{"line":118,"column":6}}},"fnMap":{"0":{"name":"(anonymous_0)","decl":{"start":{"line":14,"column":2},"end":{"line":14,"column":3}},"loc":{"start":{"line":14,"column":21},"end":{"line":25,"column":3}},"line":14},"1":{"name":"(anonymous_1)","decl":{"start":{"line":28,"column":14},"end":{"line":28,"column":15}},"loc":{"start":{"line":28,"column":20},"end":{"line":32,"column":3}},"line":28},"2":{"name":"(anonymous_2)","decl":{"start":{"line":34,"column":14},"end":{"line":34,"column":15}},"loc":{"start":{"line":34,"column":20},"end":{"line":36,"column":3}},"line":34},"3":{"name":"(anonymous_3)","decl":{"start":{"line":38,"column":13},"end":{"line":38,"column":14}},"loc":{"start":{"line":38,"column":26},"end":{"line":40,"column":3}},"line":38},"4":{"name":"(anonymous_4)","decl":{"start":{"line":44,"column":2},"end":{"line":44,"column":3}},"loc":{"start":{"line":44,"column":22},"end":{"line":47,"column":3}},"line":44},"5":{"name":"(anonymous_5)","decl":{"start":{"line":49,"column":24},"end":{"line":49,"column":25}},"loc":{"start":{"line":49,"column":36},"end":{"line":52,"column":3}},"line":49},"6":{"name":"(anonymous_6)","decl":{"start":{"line":54,"column":13},"end":{"line":54,"column":14}},"loc":{"start":{"line":54,"column":25},"end":{"line":57,"column":3}},"line":54},"7":{"name":"(anonymous_7)","decl":{"start":{"line":59,"column":15},"end":{"line":59,"column":16}},"loc":{"start":{"line":59,"column":29},"end":{"line":66,"column":3}},"line":59},"8":{"name":"(anonymous_8)","decl":{"start":{"line":68,"column":15},"end":{"line":68,"column":16}},"loc":{"start":{"line":68,"column":29},"end":{"line":75,"column":3}},"line":68},"9":{"name":"(anonymous_9)","decl":{"start":{"line":77,"column":13},"end":{"line":77,"column":14}},"loc":{"start":{"line":77,"column":21},"end":{"line":80,"column":3}},"line":77},"10":{"name":"(anonymous_10)","decl":{"start":{"line":82,"column":14},"end":{"line":82,"column":15}},"loc":{"start":{"line":82,"column":26},"end":{"line":89,"column":3}},"line":82},"11":{"name":"(anonymous_11)","decl":{"start":{"line":91,"column":15},"end":{"line":91,"column":16}},"loc":{"start":{"line":91,"column":27},"end":{"line":98,"column":3}},"line":91},"12":{"name":"(anonymous_12)","decl":{"start":{"line":100,"column":2},"end":{"line":100,"column":3}},"loc":{"start":{"line":100,"column":11},"end":{"line":119,"column":3}},"line":100}},"branchMap":{"0":{"loc":{"start":{"line":78,"column":4},"end":{"line":78,"column":61}},"type":"cond-expr","locations":[{"start":{"line":78,"column":16},"end":{"line":78,"column":37}},{"start":{"line":78,"column":40},"end":{"line":78,"column":61}}],"line":78}},"s":{"0":3,"1":8,"2":8,"3":8,"4":8,"5":3,"6":8,"7":3,"8":8,"9":1,"10":8,"11":8,"12":8,"13":8,"14":7,"15":8,"16":11,"17":10,"18":8,"19":1,"20":1,"21":1,"22":0,"23":8,"24":0,"25":0,"26":0,"27":0,"28":8,"29":1,"30":1,"31":8,"32":1,"33":1,"34":1,"35":0,"36":8,"37":1,"38":1,"39":1,"40":0,"41":28,"42":28},"f":{"0":8,"1":3,"2":3,"3":1,"4":8,"5":8,"6":11,"7":1,"8":0,"9":1,"10":1,"11":1,"12":28},"b":{"0":[0,1]},"_coverageSchema":"43e27e138ebf9cfc5966b082cf9a028302ed4184","hash":"c115de3f052e317635c5ce97a37b517f7b75d233"}
,"C:\\projetos\\bunny-crud\\client\\src\\contexts\\user\\index.js": {"path":"C:\\projetos\\bunny-crud\\client\\src\\contexts\\user\\index.js","statementMap":{"0":{"start":{"line":10,"column":20},"end":{"line":10,"column":41}},"1":{"start":{"line":12,"column":10},"end":{"line":16,"column":3}},"2":{"start":{"line":19,"column":4},"end":{"line":19,"column":20}},"3":{"start":{"line":23,"column":14},"end":{"line":27,"column":3}},"4":{"start":{"line":24,"column":4},"end":{"line":26,"column":7}},"5":{"start":{"line":29,"column":14},"end":{"line":33,"column":3}},"6":{"start":{"line":30,"column":4},"end":{"line":32,"column":7}},"7":{"start":{"line":35,"column":13},"end":{"line":37,"column":3}},"8":{"start":{"line":36,"column":4},"end":{"line":36,"column":55}},"9":{"start":{"line":40,"column":13},"end":{"line":43,"column":3}},"10":{"start":{"line":41,"column":17},"end":{"line":41,"column":36}},"11":{"start":{"line":42,"column":4},"end":{"line":42,"column":28}},"12":{"start":{"line":45,"column":15},"end":{"line":52,"column":3}},"13":{"start":{"line":46,"column":4},"end":{"line":51,"column":5}},"14":{"start":{"line":47,"column":6},"end":{"line":47,"column":29}},"15":{"start":{"line":48,"column":6},"end":{"line":48,"column":22}},"16":{"start":{"line":50,"column":6},"end":{"line":50,"column":48}},"17":{"start":{"line":54,"column":15},"end":{"line":61,"column":3}},"18":{"start":{"line":55,"column":4},"end":{"line":60,"column":5}},"19":{"start":{"line":56,"column":6},"end":{"line":56,"column":29}},"20":{"start":{"line":57,"column":6},"end":{"line":57,"column":22}},"21":{"start":{"line":59,"column":6},"end":{"line":59,"column":42}},"22":{"start":{"line":63,"column":13},"end":{"line":66,"column":3}},"23":{"start":{"line":64,"column":4},"end":{"line":64,"column":65}},"24":{"start":{"line":65,"column":4},"end":{"line":65,"column":21}},"25":{"start":{"line":68,"column":15},"end":{"line":75,"column":3}},"26":{"start":{"line":69,"column":4},"end":{"line":74,"column":5}},"27":{"start":{"line":70,"column":6},"end":{"line":70,"column":27}},"28":{"start":{"line":71,"column":6},"end":{"line":71,"column":22}},"29":{"start":{"line":73,"column":6},"end":{"line":73,"column":43}},"30":{"start":{"line":78,"column":25},"end":{"line":78,"column":35}},"31":{"start":{"line":79,"column":4},"end":{"line":93,"column":6}}},"fnMap":{"0":{"name":"(anonymous_0)","decl":{"start":{"line":18,"column":2},"end":{"line":18,"column":3}},"loc":{"start":{"line":18,"column":22},"end":{"line":20,"column":3}},"line":18},"1":{"name":"(anonymous_1)","decl":{"start":{"line":23,"column":14},"end":{"line":23,"column":15}},"loc":{"start":{"line":23,"column":20},"end":{"line":27,"column":3}},"line":23},"2":{"name":"(anonymous_2)","decl":{"start":{"line":29,"column":14},"end":{"line":29,"column":15}},"loc":{"start":{"line":29,"column":20},"end":{"line":33,"column":3}},"line":29},"3":{"name":"(anonymous_3)","decl":{"start":{"line":35,"column":13},"end":{"line":35,"column":14}},"loc":{"start":{"line":35,"column":21},"end":{"line":37,"column":3}},"line":35},"4":{"name":"(anonymous_4)","decl":{"start":{"line":40,"column":13},"end":{"line":40,"column":14}},"loc":{"start":{"line":40,"column":25},"end":{"line":43,"column":3}},"line":40},"5":{"name":"(anonymous_5)","decl":{"start":{"line":45,"column":15},"end":{"line":45,"column":16}},"loc":{"start":{"line":45,"column":29},"end":{"line":52,"column":3}},"line":45},"6":{"name":"(anonymous_6)","decl":{"start":{"line":54,"column":15},"end":{"line":54,"column":16}},"loc":{"start":{"line":54,"column":29},"end":{"line":61,"column":3}},"line":54},"7":{"name":"(anonymous_7)","decl":{"start":{"line":63,"column":13},"end":{"line":63,"column":14}},"loc":{"start":{"line":63,"column":28},"end":{"line":66,"column":3}},"line":63},"8":{"name":"(anonymous_8)","decl":{"start":{"line":68,"column":15},"end":{"line":68,"column":16}},"loc":{"start":{"line":68,"column":27},"end":{"line":75,"column":3}},"line":68},"9":{"name":"(anonymous_9)","decl":{"start":{"line":77,"column":2},"end":{"line":77,"column":3}},"loc":{"start":{"line":77,"column":11},"end":{"line":94,"column":3}},"line":77}},"branchMap":{"0":{"loc":{"start":{"line":64,"column":4},"end":{"line":64,"column":64}},"type":"cond-expr","locations":[{"start":{"line":64,"column":17},"end":{"line":64,"column":39}},{"start":{"line":64,"column":42},"end":{"line":64,"column":64}}],"line":64}},"s":{"0":2,"1":8,"2":8,"3":8,"4":3,"5":8,"6":2,"7":8,"8":0,"9":8,"10":9,"11":6,"12":8,"13":1,"14":1,"15":1,"16":0,"17":8,"18":0,"19":0,"20":0,"21":0,"22":8,"23":1,"24":1,"25":8,"26":0,"27":0,"28":0,"29":0,"30":18,"31":18},"f":{"0":8,"1":3,"2":2,"3":0,"4":9,"5":1,"6":0,"7":1,"8":0,"9":18},"b":{"0":[0,1]},"_coverageSchema":"43e27e138ebf9cfc5966b082cf9a028302ed4184","hash":"5058f24fc553823aa06397a299aff8dad980183c"}
}
