TN:
SF:C:\projetos\bunny-crud\client\src\index.js
FN:8,(anonymous_0)
FN:16,(anonymous_1)
FNF:2
FNH:0
FNDA:0,(anonymous_0)
FNDA:0,(anonymous_1)
DA:6,0
DA:8,0
DA:9,0
DA:12,0
DA:13,0
DA:15,0
DA:16,0
DA:17,0
DA:18,0
LF:9
LH:0
BRDA:15,0,0,0
BRDA:15,0,1,0
BRF:2
BRH:0
end_of_record
TN:
SF:C:\projetos\bunny-crud\client\src\serviceWorker.js
FN:23,register
FN:34,(anonymous_1)
FN:43,(anonymous_2)
FN:57,registerValidSW
FN:60,(anonymous_4)
FN:61,(anonymous_5)
FN:66,(anonymous_6)
FN:96,(anonymous_7)
FN:101,checkValidServiceWorker
FN:104,(anonymous_9)
FN:112,(anonymous_10)
FN:113,(anonymous_11)
FN:122,(anonymous_12)
FN:129,unregister
FN:131,(anonymous_14)
FNF:15
FNH:0
FNDA:0,register
FNDA:0,(anonymous_1)
FNDA:0,(anonymous_2)
FNDA:0,registerValidSW
FNDA:0,(anonymous_4)
FNDA:0,(anonymous_5)
FNDA:0,(anonymous_6)
FNDA:0,(anonymous_7)
FNDA:0,checkValidServiceWorker
FNDA:0,(anonymous_9)
FNDA:0,(anonymous_10)
FNDA:0,(anonymous_11)
FNDA:0,(anonymous_12)
FNDA:0,unregister
FNDA:0,(anonymous_14)
DA:13,0
DA:24,0
DA:26,0
DA:27,0
DA:31,0
DA:34,0
DA:35,0
DA:37,0
DA:39,0
DA:43,0
DA:44,0
DA:51,0
DA:58,0
DA:61,0
DA:62,0
DA:63,0
DA:64,0
DA:66,0
DA:67,0
DA:68,0
DA:72,0
DA:78,0
DA:79,0
DA:85,0
DA:88,0
DA:89,0
DA:97,0
DA:103,0
DA:106,0
DA:107,0
DA:112,0
DA:113,0
DA:114,0
DA:119,0
DA:123,0
DA:130,0
DA:131,0
DA:132,0
LF:38
LH:0
BRDA:14,0,0,0
BRDA:14,0,1,0
BRDA:14,0,2,0
BRDA:24,1,0,0
BRDA:24,1,1,0
BRDA:24,2,0,0
BRDA:24,2,1,0
BRDA:27,3,0,0
BRDA:27,3,1,0
BRDA:37,4,0,0
BRDA:37,4,1,0
BRDA:63,5,0,0
BRDA:63,5,1,0
BRDA:67,6,0,0
BRDA:67,6,1,0
BRDA:68,7,0,0
BRDA:68,7,1,0
BRDA:78,8,0,0
BRDA:78,8,1,0
BRDA:78,9,0,0
BRDA:78,9,1,0
BRDA:88,10,0,0
BRDA:88,10,1,0
BRDA:88,11,0,0
BRDA:88,11,1,0
BRDA:107,12,0,0
BRDA:107,12,1,0
BRDA:108,13,0,0
BRDA:108,13,1,0
BRDA:108,13,2,0
BRDA:130,14,0,0
BRDA:130,14,1,0
BRF:32
BRH:0
end_of_record
TN:
SF:C:\projetos\bunny-crud\client\src\application\index.js
FN:11,(anonymous_0)
FN:44,(anonymous_1)
FNF:2
FNH:2
FNDA:3,(anonymous_0)
FNDA:6,(anonymous_1)
DA:9,1
DA:11,1
DA:12,3
DA:45,6
LF:4
LH:4
BRF:0
BRH:0
end_of_record
TN:
SF:C:\projetos\bunny-crud\client\src\application\menus.js
FNF:0
FNH:0
LF:0
LH:0
BRF:0
BRH:0
end_of_record
TN:
SF:C:\projetos\bunny-crud\client\src\application\pages\index.js
FN:7,(anonymous_0)
FN:8,(anonymous_1)
FNF:2
FNH:2
FNDA:2,(anonymous_0)
FNDA:2,(anonymous_1)
DA:4,1
DA:6,1
DA:7,2
DA:8,2
LF:4
LH:4
BRF:0
BRH:0
end_of_record
TN:
SF:C:\projetos\bunny-crud\client\src\application\pages\tasks\TasksPage.js
FN:7,(anonymous_0)
FNF:1
FNH:1
FNDA:7,(anonymous_0)
DA:7,2
DA:8,7
DA:10,7
LF:3
LH:3
BRF:0
BRH:0
end_of_record
TN:
SF:C:\projetos\bunny-crud\client\src\application\pages\tasks\create-task.js
FN:5,(anonymous_0)
FN:15,(anonymous_1)
FN:22,(anonymous_2)
FN:28,(anonymous_3)
FN:33,(anonymous_4)
FN:61,(anonymous_5)
FNF:6
FNH:6
FNDA:36,(anonymous_0)
FNDA:11,(anonymous_1)
FNDA:1,(anonymous_2)
FNDA:1,(anonymous_3)
FNDA:1,(anonymous_4)
FNDA:1,(anonymous_5)
DA:5,2
DA:12,36
DA:13,36
DA:15,36
DA:16,11
DA:22,36
DA:23,1
DA:24,1
DA:25,1
DA:28,36
DA:29,1
DA:30,1
DA:33,36
DA:34,1
DA:40,36
DA:61,1
LF:16
LH:16
BRF:0
BRH:0
end_of_record
TN:
SF:C:\projetos\bunny-crud\client\src\application\pages\tasks\task-list.js
FN:5,(anonymous_0)
FN:12,(anonymous_1)
FNF:2
FNH:2
FNDA:25,(anonymous_0)
FNDA:18,(anonymous_1)
DA:5,2
DA:6,25
DA:8,25
DA:13,18
LF:4
LH:4
BRDA:53,0,0,9
BRDA:53,0,1,9
BRF:2
BRH:2
end_of_record
TN:
SF:C:\projetos\bunny-crud\client\src\application\pages\tasks\tasks.config.js
FNF:0
FNH:0
LF:0
LH:0
BRF:0
BRH:0
end_of_record
TN:
SF:C:\projetos\bunny-crud\client\src\application\pages\tasks\user-detail.js
FN:8,(anonymous_0)
FNF:1
FNH:1
FNDA:25,(anonymous_0)
DA:8,2
DA:9,25
DA:11,25
LF:3
LH:3
BRF:0
BRH:0
end_of_record
TN:
SF:C:\projetos\bunny-crud\client\src\application\pages\users\Users.js
FN:8,(anonymous_0)
FNF:1
FNH:1
FNDA:8,(anonymous_0)
DA:8,2
DA:9,8
LF:2
LH:2
BRF:0
BRH:0
end_of_record
TN:
SF:C:\projetos\bunny-crud\client\src\application\pages\users\create-user.js
FN:5,(anonymous_0)
FN:15,(anonymous_1)
FN:22,(anonymous_2)
FN:27,(anonymous_3)
FN:32,(anonymous_4)
FN:60,(anonymous_5)
FNF:6
FNH:6
FNDA:31,(anonymous_0)
FNDA:13,(anonymous_1)
FNDA:1,(anonymous_2)
FNDA:1,(anonymous_3)
FNDA:1,(anonymous_4)
FNDA:1,(anonymous_5)
DA:5,2
DA:12,31
DA:13,31
DA:15,31
DA:16,13
DA:22,31
DA:23,1
DA:24,1
DA:27,31
DA:28,1
DA:29,1
DA:32,31
DA:33,1
DA:39,31
DA:60,1
LF:15
LH:15
BRF:0
BRH:0
end_of_record
TN:
SF:C:\projetos\bunny-crud\client\src\application\pages\users\user-list.js
FN:6,(anonymous_0)
FN:13,(anonymous_1)
FNF:2
FNH:2
FNDA:18,(anonymous_0)
FNDA:18,(anonymous_1)
DA:6,2
DA:7,18
DA:9,18
DA:14,18
LF:4
LH:4
BRF:0
BRH:0
end_of_record
TN:
SF:C:\projetos\bunny-crud\client\src\application\pages\users\users.config.js
FNF:0
FNH:0
LF:0
LH:0
BRF:0
BRH:0
end_of_record
TN:
SF:C:\projetos\bunny-crud\client\src\components\index.js
FNF:0
FNH:0
LF:0
LH:0
BRF:0
BRH:0
end_of_record
TN:
SF:C:\projetos\bunny-crud\client\src\components\menu\index.js
FN:6,(anonymous_0)
FN:7,(anonymous_1)
FN:11,(anonymous_2)
FN:12,(anonymous_3)
FN:24,(anonymous_4)
FN:48,(anonymous_5)
FNF:6
FNH:5
FNDA:1,(anonymous_0)
FNDA:2,(anonymous_1)
FNDA:6,(anonymous_2)
FNDA:1,(anonymous_3)
FNDA:9,(anonymous_4)
FNDA:0,(anonymous_5)
DA:6,2
DA:7,2
DA:8,1
DA:11,2
DA:12,6
DA:13,1
DA:14,1
DA:16,6
DA:25,9
DA:35,2
DA:46,2
LF:11
LH:11
BRDA:8,0,0,1
BRDA:8,0,1,0
BRDA:14,1,0,1
BRDA:14,1,1,1
BRF:4
BRH:3
end_of_record
TN:
SF:C:\projetos\bunny-crud\client\src\contexts\tasks\index.js
FN:14,(anonymous_0)
FN:28,(anonymous_1)
FN:34,(anonymous_2)
FN:38,(anonymous_3)
FN:44,(anonymous_4)
FN:49,(anonymous_5)
FN:54,(anonymous_6)
FN:59,(anonymous_7)
FN:68,(anonymous_8)
FN:77,(anonymous_9)
FN:82,(anonymous_10)
FN:91,(anonymous_11)
FN:100,(anonymous_12)
FNF:13
FNH:12
FNDA:8,(anonymous_0)
FNDA:3,(anonymous_1)
FNDA:3,(anonymous_2)
FNDA:1,(anonymous_3)
FNDA:8,(anonymous_4)
FNDA:8,(anonymous_5)
FNDA:11,(anonymous_6)
FNDA:1,(anonymous_7)
FNDA:0,(anonymous_8)
FNDA:1,(anonymous_9)
FNDA:1,(anonymous_10)
FNDA:1,(anonymous_11)
FNDA:28,(anonymous_12)
DA:12,3
DA:15,8
DA:17,8
DA:18,8
DA:28,8
DA:29,3
DA:34,8
DA:35,3
DA:38,8
DA:39,1
DA:45,8
DA:46,8
DA:49,8
DA:50,8
DA:51,7
DA:54,8
DA:55,11
DA:56,10
DA:59,8
DA:60,1
DA:61,1
DA:62,1
DA:64,0
DA:68,8
DA:69,0
DA:70,0
DA:71,0
DA:73,0
DA:77,8
DA:78,1
DA:79,1
DA:82,8
DA:83,1
DA:84,1
DA:85,1
DA:87,0
DA:91,8
DA:92,1
DA:93,1
DA:94,1
DA:96,0
DA:101,28
DA:102,28
LF:43
LH:36
BRDA:78,0,0,0
BRDA:78,0,1,1
BRF:2
BRH:1
end_of_record
TN:
SF:C:\projetos\bunny-crud\client\src\contexts\user\index.js
FN:18,(anonymous_0)
FN:23,(anonymous_1)
FN:29,(anonymous_2)
FN:35,(anonymous_3)
FN:40,(anonymous_4)
FN:45,(anonymous_5)
FN:54,(anonymous_6)
FN:63,(anonymous_7)
FN:68,(anonymous_8)
FN:77,(anonymous_9)
FNF:10
FNH:7
FNDA:8,(anonymous_0)
FNDA:3,(anonymous_1)
FNDA:2,(anonymous_2)
FNDA:0,(anonymous_3)
FNDA:9,(anonymous_4)
FNDA:1,(anonymous_5)
FNDA:0,(anonymous_6)
FNDA:1,(anonymous_7)
FNDA:0,(anonymous_8)
FNDA:18,(anonymous_9)
DA:10,2
DA:12,8
DA:19,8
DA:23,8
DA:24,3
DA:29,8
DA:30,2
DA:35,8
DA:36,0
DA:40,8
DA:41,9
DA:42,6
DA:45,8
DA:46,1
DA:47,1
DA:48,1
DA:50,0
DA:54,8
DA:55,0
DA:56,0
DA:57,0
DA:59,0
DA:63,8
DA:64,1
DA:65,1
DA:68,8
DA:69,0
DA:70,0
DA:71,0
DA:73,0
DA:78,18
DA:79,18
LF:32
LH:22
BRDA:64,0,0,0
BRDA:64,0,1,1
BRF:2
BRH:1
end_of_record
